#-----------------------------------------------------------
# Vivado v2019.1 (64-bit)
# SW Build 2552052 on Fri May 24 14:49:42 MDT 2019
# IP Build 2548770 on Fri May 24 18:01:18 MDT 2019
# Start of session at: Fri Dec 20 17:58:03 2024
# Process ID: 5492
# Current directory: C:/Users/Maxim/itmo_study/3_year/Circuit_design/lab4
# Command line: vivado.exe -gui_launcher_event rodinguilauncherevent4944 C:\Users\Maxim\itmo_study\3_year\Circuit_design\lab4\lab4_2.xpr
# Log file: C:/Users/Maxim/itmo_study/3_year/Circuit_design/lab4/vivado.log
# Journal file: C:/Users/Maxim/itmo_study/3_year/Circuit_design/lab4\vivado.jou
#-----------------------------------------------------------
start_gui
open_project C:/Users/Maxim/itmo_study/3_year/Circuit_design/lab4/lab4_2.xpr
INFO: [Project 1-313] Project file moved from 'C:/Schemotechnic/lab4/lab4_2' since last save.
Scanning sources...
Finished scanning sources
INFO: [IP_Flow 19-234] Refreshing IP repositories
INFO: [IP_Flow 19-1704] No user IP repositories specified
INFO: [IP_Flow 19-2313] Loaded Vivado IP repository 'C:/Xilinx/Vivado/2019.1/data/ip'.
open_project: Time (s): cpu = 00:00:21 ; elapsed = 00:00:11 . Memory (MB): peak = 778.148 ; gain = 159.855
update_compile_order -fileset sources_1
exit
INFO: [Common 17-206] Exiting Vivado at Fri Dec 20 17:59:34 2024...
